<?xml version="1.0" encoding="UTF-8" standalone="no"?><testsuite errors="0" failures="0" name="net.serenitybdd.demos.todos.screenplay.completing_todos.DownloadTheApp" skipped="0" tests="2" time="13.01" timestamp="2023-07-11 05:54:34"><testcase classname="net.serenitybdd.demos.todos.screenplay.completing_todos.DownloadTheApp" name="Should see the number of todos decrease when an item is completed"/><testcase classname="net.serenitybdd.demos.todos.screenplay.completing_todos.DownloadTheApp" name="Should be able to download the application"/></testsuite>