<?xml version="1.0" encoding="UTF-8"?><testsuite errors="0" failures="0" name="net.serenitybdd.demos.todos.screenplay.features.completing_todos.CompleteATodo" skipped="0" tests="2" time="7.22" timestamp="2021-07-25 08:08:47"><testcase classname="net.serenitybdd.demos.todos.screenplay.features.completing_todos.CompleteATodo" name="Should see the number of todos decrease when an item is completed"/><testcase classname="net.serenitybdd.demos.todos.screenplay.features.completing_todos.CompleteATodo" name="Should be able to complete a todo"/></testsuite>