<?xml version="1.0" encoding="UTF-8"?><testsuite errors="0" failures="0" name="net.serenitybdd.demos.todos.screenplay.features.record_todos.AddNewTodos" skipped="0" tests="2" time="20.15" timestamp="2018-10-15 06:49:57"><testcase classname="net.serenitybdd.demos.todos.screenplay.features.record_todos.AddNewTodos" name="Should be able to add the first todo item"/><testcase classname="net.serenitybdd.demos.todos.screenplay.features.record_todos.AddNewTodos" name="Should be able to add additional todo items"/></testsuite>