<?xml version="1.0" encoding="UTF-8" standalone="no"?><testsuite errors="0" failures="0" name="net.serenitybdd.demos.todos.screenplay.maintain_my_todo_list.FilteringTodos" skipped="0" tests="3" time="3.08" timestamp="2023-07-17 12:28:58"><testcase classname="net.serenitybdd.demos.todos.screenplay.maintain_my_todo_list.FilteringTodos" name="Should be able to view only incomplete todos"/><testcase classname="net.serenitybdd.demos.todos.screenplay.maintain_my_todo_list.FilteringTodos" name="Should be able to view only completed todos"/><testcase classname="net.serenitybdd.demos.todos.screenplay.maintain_my_todo_list.FilteringTodos" name="Should be able to view both complete and incomplete todos"/></testsuite>