<?xml version="1.0" encoding="UTF-8" standalone="no"?><testsuite errors="0" failures="0" name="net.serenitybdd.demos.todos.pageobjects.features.completing_todos.ToggleAllTodos" skipped="0" tests="4" time="5.38" timestamp="2022-02-13 09:49:29"><testcase classname="net.serenitybdd.demos.todos.pageobjects.features.completing_todos.ToggleAllTodos" name="Should be able to toggle status of all todos with page objects"/><testcase classname="net.serenitybdd.demos.todos.pageobjects.features.completing_todos.ToggleAllTodos" name="Should see how many items todo when all are toggled to incomplete with page objects"/><testcase classname="net.serenitybdd.demos.todos.pageobjects.features.completing_todos.ToggleAllTodos" name="Should see that there are zero items todo when all are toggled complete with page objects"/><testcase classname="net.serenitybdd.demos.todos.pageobjects.features.completing_todos.ToggleAllTodos" name="Should be able to quickly complete all todos with page objects"/></testsuite>