<?xml version="1.0" encoding="UTF-8" standalone="no"?><testsuite errors="0" failures="0" name="net.serenitybdd.demos.todos.pageobjects.accessing_the_application.LearnAboutTheApplication" skipped="0" tests="2" time="2.22" timestamp="2023-08-20 07:03:47"><testcase classname="net.serenitybdd.demos.todos.pageobjects.accessing_the_application.LearnAboutTheApplication" name="Should be able to identify the application with page objects"/><testcase classname="net.serenitybdd.demos.todos.pageobjects.accessing_the_application.LearnAboutTheApplication" name="Should see how to begin with page objects"/></testsuite>