<?xml version="1.0" encoding="UTF-8" standalone="no"?><testsuite errors="0" failures="0" name="net.serenitybdd.demos.todos.screenplay.record_todos.AddNewTodos" skipped="0" tests="2" time="2.06" timestamp="2023-08-01 05:39:22"><testcase classname="net.serenitybdd.demos.todos.screenplay.record_todos.AddNewTodos" name="Should be able to add the first todo item"/><testcase classname="net.serenitybdd.demos.todos.screenplay.record_todos.AddNewTodos" name="Should be able to add additional todo items"/></testsuite>