<?xml version="1.0" encoding="UTF-8"?><testsuite errors="0" failures="0" name="net.serenitybdd.demos.todos.pageobjects.features.maintain_my_todo_list.FilteringTodos" skipped="0" tests="3" time="12.19" timestamp="2021-07-25 08:09:35"><testcase classname="net.serenitybdd.demos.todos.pageobjects.features.maintain_my_todo_list.FilteringTodos" name="Should be able to view both complete and incomplete todos with page objects"/><testcase classname="net.serenitybdd.demos.todos.pageobjects.features.maintain_my_todo_list.FilteringTodos" name="Should be able to view only incomplete todos with page objects"/><testcase classname="net.serenitybdd.demos.todos.pageobjects.features.maintain_my_todo_list.FilteringTodos" name="Should be able to view only completed todos with page objects"/></testsuite>