<?xml version="1.0" encoding="UTF-8" standalone="no"?><testsuite errors="0" failures="0" name="net.serenitybdd.demos.todos.screenplay.maintain_my_todo_list.ClearCompletedTodos" skipped="0" tests="2" time="1.93" timestamp="2023-08-01 05:39:33"><testcase classname="net.serenitybdd.demos.todos.screenplay.maintain_my_todo_list.ClearCompletedTodos" name="Should not be able to clear completed todos if none are complete"/><testcase classname="net.serenitybdd.demos.todos.screenplay.maintain_my_todo_list.ClearCompletedTodos" name="Should be able to clear completed todos"/></testsuite>