<?xml version="1.0" encoding="UTF-8"?><testsuite errors="0" failures="0" name="net.serenitybdd.demos.todos.pageobjects.features.accessing_the_application.LearnAboutTheApplication" skipped="0" tests="2" time="26.41" timestamp="2018-10-15 06:39:57"><testcase classname="net.serenitybdd.demos.todos.pageobjects.features.accessing_the_application.LearnAboutTheApplication" name="Should be able to identify the application with page objects"/><testcase classname="net.serenitybdd.demos.todos.pageobjects.features.accessing_the_application.LearnAboutTheApplication" name="Should see how to begin with page objects"/></testsuite>