<?xml version="1.0" encoding="UTF-8" standalone="no"?><testsuite errors="0" failures="0" name="net.serenitybdd.demos.todos.pageobjects.record_todos.AddNewTodos" skipped="0" tests="2" time="2.22" timestamp="2023-07-11 06:26:46"><testcase classname="net.serenitybdd.demos.todos.pageobjects.record_todos.AddNewTodos" name="Test to resolve issue #616172"/><testcase classname="net.serenitybdd.demos.todos.pageobjects.record_todos.AddNewTodos" name="Should be able to add additional todo items with page objects"/></testsuite>