<?xml version="1.0" encoding="UTF-8" standalone="no"?><testsuite errors="0" failures="0" name="net.serenitybdd.demos.todos.pageobjects.maintain_my_todo_list.FilteringTodos" skipped="0" tests="3" time="3.46" timestamp="2023-07-15 06:41:15"><testcase classname="net.serenitybdd.demos.todos.pageobjects.maintain_my_todo_list.FilteringTodos" name="Should be able to view both complete and incomplete todos with page objects"/><testcase classname="net.serenitybdd.demos.todos.pageobjects.maintain_my_todo_list.FilteringTodos" name="Should be able to view only completed todos with page objects"/><testcase classname="net.serenitybdd.demos.todos.pageobjects.maintain_my_todo_list.FilteringTodos" name="Should be able to view only incomplete todos with page objects"/></testsuite>