<?xml version="1.0" encoding="UTF-8" standalone="no"?><testsuite errors="0" failures="0" name="net.serenitybdd.demos.todos.screenplay.maintain_my_todo_list.FilteringTodos" skipped="0" tests="3" time="11.23" timestamp="2024-03-06 07:12:25"><testcase classname="net.serenitybdd.demos.todos.screenplay.maintain_my_todo_list.FilteringTodos" name="[1] Walk the dog, Put out the garbage, All, [Walk the dog, Put out the garbage]"/><testcase classname="net.serenitybdd.demos.todos.screenplay.maintain_my_todo_list.FilteringTodos" name="[2] Walk the dog, Put out the garbage, Active, [Put out the garbage]"/><testcase classname="net.serenitybdd.demos.todos.screenplay.maintain_my_todo_list.FilteringTodos" name="[3] Walk the dog, Put out the garbage, Completed, [Walk the dog]"/></testsuite>