<?xml version="1.0" encoding="UTF-8" standalone="no"?><testsuite errors="0" failures="0" name="net.serenitybdd.demos.todos.screenplay.completing_todos.CompleteATodo" skipped="0" tests="2" time="1.81" timestamp="2023-07-17 12:28:43"><testcase classname="net.serenitybdd.demos.todos.screenplay.completing_todos.CompleteATodo" name="Should be able to complete a todo"/><testcase classname="net.serenitybdd.demos.todos.screenplay.completing_todos.CompleteATodo" name="Should see the number of todos decrease when an item is completed"/></testsuite>