<?xml version="1.0" encoding="UTF-8" standalone="no"?><testsuite errors="0" failures="0" name="Completing todos" skipped="0" tests="6" time="17.61" timestamp="2024-01-13 02:13:20"><testcase name="The todo count should keep track of how many todos remain"/><testcase name="The list of completed items should be empty if nothing has been completed"/><testcase name="When a task is completed it remains in the main list"/><testcase name="Completed tasks should appear in the Completed list"/><testcase name="Completed tasks should be shown as Completed"/></testsuite>