<?xml version="1.0" encoding="UTF-8" standalone="no"?><testsuite errors="0" failures="0" name="net.serenitybdd.demos.todos.pageobjects.features.maintain_my_todo_list.DeletingTodos" skipped="0" tests="2" time="2.01" timestamp="2022-02-13 09:37:51"><testcase classname="net.serenitybdd.demos.todos.pageobjects.features.maintain_my_todo_list.DeletingTodos" name="Should be able to delete todos with page objects"/><testcase classname="net.serenitybdd.demos.todos.pageobjects.features.maintain_my_todo_list.DeletingTodos" name="Should see deleting a todo decreases the remaining items count with page objects"/></testsuite>