<?xml version="1.0" encoding="UTF-8"?><testsuite errors="0" failures="0" name="net.serenitybdd.demos.todos.screenplay.features.maintain_my_todo_list.ClearCompletedTodos" skipped="0" tests="2" time="5.69" timestamp="2021-07-25 08:09:17"><testcase classname="net.serenitybdd.demos.todos.screenplay.features.maintain_my_todo_list.ClearCompletedTodos" name="Should not be able to clear completed todos if none are complete"/><testcase classname="net.serenitybdd.demos.todos.screenplay.features.maintain_my_todo_list.ClearCompletedTodos" name="Should be able to clear completed todos"/></testsuite>