<?xml version="1.0" encoding="UTF-8"?><testsuite errors="0" failures="0" name="net.serenitybdd.demos.todos.pageobjects.features.record_todos.AddNewTodos" skipped="0" tests="2" time="5.42" timestamp="2021-07-25 08:09:22"><testcase classname="net.serenitybdd.demos.todos.pageobjects.features.record_todos.AddNewTodos" name="Should be able to add additional todo items with page objects"/><testcase classname="net.serenitybdd.demos.todos.pageobjects.features.record_todos.AddNewTodos" name="Test to resolve issue #616172"/></testsuite>