<?xml version="1.0" encoding="UTF-8" standalone="no"?><testsuite errors="0" failures="0" name="net.serenitybdd.demos.todos.screenplay.completing_todos.DownloadTheApp" skipped="0" tests="2" time="12.32" timestamp="2023-08-01 05:39:14"><testcase classname="net.serenitybdd.demos.todos.screenplay.completing_todos.DownloadTheApp" name="Should see the number of todos decrease when an item is completed"/><testcase classname="net.serenitybdd.demos.todos.screenplay.completing_todos.DownloadTheApp" name="Should be able to download the application"/></testsuite>