<?xml version="1.0" encoding="UTF-8"?><testsuite errors="0" failures="0" name="net.serenitybdd.demos.todos.screenplay.features.completing_todos.CompleteATodo" skipped="0" tests="2" time="25.38" timestamp="2018-10-15 06:51:07"><testcase classname="net.serenitybdd.demos.todos.screenplay.features.completing_todos.CompleteATodo" name="Should be able to complete a todo"/><testcase classname="net.serenitybdd.demos.todos.screenplay.features.completing_todos.CompleteATodo" name="Should see the number of todos decrease when an item is completed"/></testsuite>