<?xml version="1.0" encoding="UTF-8" standalone="no"?><testsuite errors="0" failures="0" name="net.serenitybdd.demos.todos.pageobjects.features.record_todos.AddNewTodos" skipped="0" tests="2" time="3.3" timestamp="2022-02-13 09:51:00"><testcase classname="net.serenitybdd.demos.todos.pageobjects.features.record_todos.AddNewTodos" name="Test to resolve issue #616172"/><testcase classname="net.serenitybdd.demos.todos.pageobjects.features.record_todos.AddNewTodos" name="Should be able to add additional todo items with page objects"/></testsuite>