<?xml version="1.0" encoding="UTF-8"?><testsuite errors="0" failures="0" name="net.serenitybdd.demos.todos.pageobjects.features.record_todos.AddNewTodos" skipped="0" tests="2" time="24.14" timestamp="2018-10-15 06:37:11"><testcase classname="net.serenitybdd.demos.todos.pageobjects.features.record_todos.AddNewTodos" name="Test to resolve issue #616172"/><testcase classname="net.serenitybdd.demos.todos.pageobjects.features.record_todos.AddNewTodos" name="Should be able to add additional todo items with page objects"/></testsuite>