<?xml version="1.0" encoding="UTF-8"?><testsuite errors="0" failures="0" name="net.serenitybdd.demos.todos.screenplay.features.maintain_my_todo_list.FilteringTodos" skipped="0" tests="3" time="13.86" timestamp="2021-07-25 08:09:12"><testcase classname="net.serenitybdd.demos.todos.screenplay.features.maintain_my_todo_list.FilteringTodos" name="Should be able to view only incomplete todos"/><testcase classname="net.serenitybdd.demos.todos.screenplay.features.maintain_my_todo_list.FilteringTodos" name="Should be able to view both complete and incomplete todos"/><testcase classname="net.serenitybdd.demos.todos.screenplay.features.maintain_my_todo_list.FilteringTodos" name="Should be able to view only completed todos"/></testsuite>