<?xml version="1.0" encoding="UTF-8"?><testsuite errors="0" failures="0" name="net.serenitybdd.demos.todos.pageobjects.features.maintain_my_todo_list.ClearCompletedTodos" skipped="0" tests="2" time="20.15" timestamp="2018-10-15 06:39:00"><testcase classname="net.serenitybdd.demos.todos.pageobjects.features.maintain_my_todo_list.ClearCompletedTodos" name="Should be able to clear completed todos with page objects"/><testcase classname="net.serenitybdd.demos.todos.pageobjects.features.maintain_my_todo_list.ClearCompletedTodos" name="Should not be able to clear completed todos if none are complete with page objects"/></testsuite>