<?xml version="1.0" encoding="UTF-8"?><testsuite errors="0" failures="0" name="net.serenitybdd.demos.todos.screenplay.features.maintain_my_todo_list.DeleteTodos" skipped="0" tests="2" time="27.86" timestamp="2018-10-15 06:51:33"><testcase classname="net.serenitybdd.demos.todos.screenplay.features.maintain_my_todo_list.DeleteTodos" name="Should be able to delete todos"/><testcase classname="net.serenitybdd.demos.todos.screenplay.features.maintain_my_todo_list.DeleteTodos" name="Should see deleting a todo decreases the remaining items count"/></testsuite>