<?xml version="1.0" encoding="UTF-8"?><testsuite errors="0" failures="0" name="net.serenitybdd.demos.todos.screenplay.features.accessing_the_application.LearnAboutTheApplication" skipped="0" tests="2" time="2.85" timestamp="2021-07-25 08:09:20"><testcase classname="net.serenitybdd.demos.todos.screenplay.features.accessing_the_application.LearnAboutTheApplication" name="Should be able to identify the application"/><testcase classname="net.serenitybdd.demos.todos.screenplay.features.accessing_the_application.LearnAboutTheApplication" name="Should see how to begin"/></testsuite>