<?xml version="1.0" encoding="UTF-8"?><testsuite errors="0" failures="0" name="net.serenitybdd.demos.todos.pageobjects.features.maintain_my_todo_list.DeleteTodos" skipped="0" tests="2" time="4.03" timestamp="2021-07-25 08:09:33"><testcase classname="net.serenitybdd.demos.todos.pageobjects.features.maintain_my_todo_list.DeleteTodos" name="Should see deleting a todo decreases the remaining items count with page objects"/><testcase classname="net.serenitybdd.demos.todos.pageobjects.features.maintain_my_todo_list.DeleteTodos" name="Should be able to delete todos with page objects"/></testsuite>