<?xml version="1.0" encoding="UTF-8" standalone="no"?><testsuite errors="0" failures="0" name="Completing todos" skipped="0" tests="7" time="34.31" timestamp="2024-05-23 08:43:43"><testcase name="When a task is completed it remains in the main list"/><testcase name="The todo count should keep track of how many todos remain"/><testcase name="Completed tasks should appear in the Completed list"/><testcase name="The list of completed items should be empty if nothing has been completed"/><testcase name="Completed tasks should be shown as Completed"/></testsuite>