<?xml version="1.0" encoding="UTF-8"?><testsuite errors="0" failures="0" name="net.serenitybdd.demos.todos.screenplay.features.maintain_my_todo_list.FilteringTodos" skipped="0" tests="3" time="42.72" timestamp="2018-10-15 06:52:26"><testcase classname="net.serenitybdd.demos.todos.screenplay.features.maintain_my_todo_list.FilteringTodos" name="Should be able to view only incomplete todos"/><testcase classname="net.serenitybdd.demos.todos.screenplay.features.maintain_my_todo_list.FilteringTodos" name="Should be able to view only completed todos"/><testcase classname="net.serenitybdd.demos.todos.screenplay.features.maintain_my_todo_list.FilteringTodos" name="Should be able to view both complete and incomplete todos"/></testsuite>