<?xml version="1.0" encoding="UTF-8"?><testsuite errors="0" failures="0" name="net.serenitybdd.demos.todos.pageobjects.features.completing_todos.CompleteATodo" skipped="0" tests="3" time="17.09" timestamp="2018-10-15 06:38:21"><testcase classname="net.serenitybdd.demos.todos.pageobjects.features.completing_todos.CompleteATodo" name="Should see the number of todos decrease when an item is completed with page objects"/><testcase classname="net.serenitybdd.demos.todos.pageobjects.features.completing_todos.CompleteATodo" name="Should see the number of todos increase when an item is added with page objects"/><testcase classname="net.serenitybdd.demos.todos.pageobjects.features.completing_todos.CompleteATodo" name="Should be able to complete a todo with page objects"/></testsuite>