<?xml version="1.0" encoding="UTF-8" standalone="no"?><testsuite errors="0" failures="0" name="net.serenitybdd.demos.todos.screenplay.completing_todos.CompleteATodo" skipped="0" tests="6" time="3.51" timestamp="2023-08-24 06:43:17"><testcase classname="net.serenitybdd.demos.todos.screenplay.completing_todos.CompleteATodo" name="Should be able to complete a todo using imperative code"/><testcase classname="net.serenitybdd.demos.todos.screenplay.completing_todos.CompleteATodo" name="Should be able to complete a todo using a bdd style"/><testcase classname="net.serenitybdd.demos.todos.screenplay.completing_todos.CompleteATodo" name="Should be able to toggle the status of all todos"/><testcase classname="net.serenitybdd.demos.todos.screenplay.completing_todos.CompleteATodo" name="Should be able to complete a todo"/><testcase classname="net.serenitybdd.demos.todos.screenplay.completing_todos.CompleteATodo" name="Should be able to complete a todo using page objects"/><testcase classname="net.serenitybdd.demos.todos.screenplay.completing_todos.CompleteATodo" name="Should see the number of todos decrease when an item is completed"/></testsuite>